<?xml version="1.0" encoding="UTF-8"?>
<!-- Generated by org.testng.reporters.JUnitReportReporter -->
<testsuite skipped="0" hostname="DESKTOP-0TJFO22" name="com.ashoka.TestApis.Login" tests="1" failures="1" timestamp="2021-03-15T21:23:08 IST" time="6.056" errors="0">
  <testcase name="userLogin" time="6.056" classname="com.ashoka.TestApis.Login">
    <failure type="java.lang.AssertionError" message="1 expectation failed.
JSON path tokens doesn&#039;t match.
Expected: a string matching the pattern &#039;^(.+)$&#039;
  Actual: &lt;{accessToken=eyJhbGciOiJIUzI1NiJ9.eyJqdGkiOiJTYXRoaXNoIiwiaWF0IjoxNjE1ODIzNTg2LCJpc3MiOiJQaWxsaXIiLCJsb2dpbk5hbWUiOiJTYXRoaXNoIiwiZmlyc3ROYW1lIjoiU2F0aGlzaCIsImxhc3ROYW1lIjoiS3VtYXIiLCJlbWFpbCI6InNhdGhpc2gua3VtYXJAcGlsbGlyLmlvIiwidGVuYW50SWQiOiJTQVQxMDAwMiIsInVzZXJJZCI6MTI2NTMsImNvbXBhbnlJZCI6ODE3LCJkZXZpY2VUeXBlIjoiVW5rbm93biIsInRlbXBUZW5hbnRJZCI6IiIsInRlbXBDb21wYW55SWQiOi0xLCJyb2xlTmFtZSI6IlRlbmFudCBBZG1pbiIsInNhbHV0YXRpb24iOiJNciIsImNvbnRhaW5lckFwcElkIjotMSwidHlwZSI6InR5cGUiLCJpc1Byb3h5TG9naW4iOmZhbHNlLCJleHAiOjE2MTU4Mzc5ODZ9.CIdyVSL2Hft1um9RV-3-IH962it7Hh9BXqEfTlQ0SbE, refreshTtoken=eyJhbGciOiJIUzI1NiJ9.eyJqdGkiOiJTYXRoaXNoIiwiaWF0IjoxNjE1ODIzNTg2LCJpc3MiOiJQaWxsaXIiLCJsb2dpbk5hbWUiOiJTYXRoaXNoIiwiZmlyc3ROYW1lIjoiU2F0aGlzaCIsImxhc3ROYW1lIjoiS3VtYXIiLCJlbWFpbCI6InNhdGhpc2gua3VtYXJAcGlsbGlyLmlvIiwidGVuYW50SWQiOiJTQVQxMDAwMiIsInVzZXJJZCI6MTI2NTMsImNvbXBhbnlJZCI6ODE3LCJkZXZpY2VUeXBlIjoiVW5rbm93biIsInRlbXBUZW5hbnRJZCI6IiIsInRlbXBDb21wYW55SWQiOi0xLCJyb2xlTmFtZSI6IlRlbmFudCBBZG1pbiIsInNhbHV0YXRpb24iOiJNciIsImNvbnRhaW5lckFwcElkIjotMSwidHlwZSI6InR5cGUiLCJpc1Byb3h5TG9naW4iOmZhbHNlLCJleHAiOjE2MTU4Mzc5ODZ9.7BZUPItLH44LXhl4fVbozisqrLiDQF61ZVdqCT8JfzI}&gt;
">
      <![CDATA[java.lang.AssertionError: 1 expectation failed.
JSON path tokens doesn't match.
Expected: a string matching the pattern '^(.+)$'
  Actual: <{accessToken=eyJhbGciOiJIUzI1NiJ9.eyJqdGkiOiJTYXRoaXNoIiwiaWF0IjoxNjE1ODIzNTg2LCJpc3MiOiJQaWxsaXIiLCJsb2dpbk5hbWUiOiJTYXRoaXNoIiwiZmlyc3ROYW1lIjoiU2F0aGlzaCIsImxhc3ROYW1lIjoiS3VtYXIiLCJlbWFpbCI6InNhdGhpc2gua3VtYXJAcGlsbGlyLmlvIiwidGVuYW50SWQiOiJTQVQxMDAwMiIsInVzZXJJZCI6MTI2NTMsImNvbXBhbnlJZCI6ODE3LCJkZXZpY2VUeXBlIjoiVW5rbm93biIsInRlbXBUZW5hbnRJZCI6IiIsInRlbXBDb21wYW55SWQiOi0xLCJyb2xlTmFtZSI6IlRlbmFudCBBZG1pbiIsInNhbHV0YXRpb24iOiJNciIsImNvbnRhaW5lckFwcElkIjotMSwidHlwZSI6InR5cGUiLCJpc1Byb3h5TG9naW4iOmZhbHNlLCJleHAiOjE2MTU4Mzc5ODZ9.CIdyVSL2Hft1um9RV-3-IH962it7Hh9BXqEfTlQ0SbE, refreshTtoken=eyJhbGciOiJIUzI1NiJ9.eyJqdGkiOiJTYXRoaXNoIiwiaWF0IjoxNjE1ODIzNTg2LCJpc3MiOiJQaWxsaXIiLCJsb2dpbk5hbWUiOiJTYXRoaXNoIiwiZmlyc3ROYW1lIjoiU2F0aGlzaCIsImxhc3ROYW1lIjoiS3VtYXIiLCJlbWFpbCI6InNhdGhpc2gua3VtYXJAcGlsbGlyLmlvIiwidGVuYW50SWQiOiJTQVQxMDAwMiIsInVzZXJJZCI6MTI2NTMsImNvbXBhbnlJZCI6ODE3LCJkZXZpY2VUeXBlIjoiVW5rbm93biIsInRlbXBUZW5hbnRJZCI6IiIsInRlbXBDb21wYW55SWQiOi0xLCJyb2xlTmFtZSI6IlRlbmFudCBBZG1pbiIsInNhbHV0YXRpb24iOiJNciIsImNvbnRhaW5lckFwcElkIjotMSwidHlwZSI6InR5cGUiLCJpc1Byb3h5TG9naW4iOmZhbHNlLCJleHAiOjE2MTU4Mzc5ODZ9.7BZUPItLH44LXhl4fVbozisqrLiDQF61ZVdqCT8JfzI}>

at sun.reflect.NativeConstructorAccessorImpl.newInstance0(Native Method)
at sun.reflect.NativeConstructorAccessorImpl.newInstance(NativeConstructorAccessorImpl.java:62)
at sun.reflect.DelegatingConstructorAccessorImpl.newInstance(DelegatingConstructorAccessorImpl.java:45)
at java.lang.reflect.Constructor.newInstance(Constructor.java:423)
at org.codehaus.groovy.reflection.CachedConstructor.invoke(CachedConstructor.java:72)
at org.codehaus.groovy.reflection.CachedConstructor.doConstructorInvoke(CachedConstructor.java:59)
at org.codehaus.groovy.runtime.callsite.ConstructorSite$ConstructorSiteNoUnwrap.callConstructor(ConstructorSite.java:84)
at org.codehaus.groovy.runtime.callsite.CallSiteArray.defaultCallConstructor(CallSiteArray.java:59)
at org.codehaus.groovy.runtime.callsite.AbstractCallSite.callConstructor(AbstractCallSite.java:263)
at org.codehaus.groovy.runtime.callsite.AbstractCallSite.callConstructor(AbstractCallSite.java:277)
at io.restassured.internal.ResponseSpecificationImpl$HamcrestAssertionClosure.validate(ResponseSpecificationImpl.groovy:493)
at io.restassured.internal.ResponseSpecificationImpl$HamcrestAssertionClosure$validate$1.call(Unknown Source)
at io.restassured.internal.ResponseSpecificationImpl.validateResponseIfRequired(ResponseSpecificationImpl.groovy:674)
at sun.reflect.NativeMethodAccessorImpl.invoke0(Native Method)
at sun.reflect.NativeMethodAccessorImpl.invoke(NativeMethodAccessorImpl.java:62)
at sun.reflect.DelegatingMethodAccessorImpl.invoke(DelegatingMethodAccessorImpl.java:43)
at java.lang.reflect.Method.invoke(Method.java:498)
at org.codehaus.groovy.runtime.callsite.PlainObjectMetaMethodSite.doInvoke(PlainObjectMetaMethodSite.java:43)
at org.codehaus.groovy.runtime.callsite.PogoMetaMethodSite$PogoCachedMethodSiteNoUnwrapNoCoerce.invoke(PogoMetaMethodSite.java:193)
at org.codehaus.groovy.runtime.callsite.PogoMetaMethodSite.callCurrent(PogoMetaMethodSite.java:61)
at org.codehaus.groovy.runtime.callsite.CallSiteArray.defaultCallCurrent(CallSiteArray.java:51)
at org.codehaus.groovy.runtime.callsite.AbstractCallSite.callCurrent(AbstractCallSite.java:171)
at org.codehaus.groovy.runtime.callsite.AbstractCallSite.callCurrent(AbstractCallSite.java:185)
at io.restassured.internal.ResponseSpecificationImpl.body(ResponseSpecificationImpl.groovy:261)
at io.restassured.specification.ResponseSpecification$body$1.callCurrent(Unknown Source)
at org.codehaus.groovy.runtime.callsite.CallSiteArray.defaultCallCurrent(CallSiteArray.java:51)
at org.codehaus.groovy.runtime.callsite.AbstractCallSite.callCurrent(AbstractCallSite.java:171)
at org.codehaus.groovy.runtime.callsite.AbstractCallSite.callCurrent(AbstractCallSite.java:212)
at io.restassured.internal.ResponseSpecificationImpl.body(ResponseSpecificationImpl.groovy:108)
at io.restassured.internal.ValidatableResponseOptionsImpl.body(ValidatableResponseOptionsImpl.java:244)
at io.restassured.internal.ValidatableResponseImpl.super$2$body(ValidatableResponseImpl.groovy)
at sun.reflect.NativeMethodAccessorImpl.invoke0(Native Method)
at sun.reflect.NativeMethodAccessorImpl.invoke(NativeMethodAccessorImpl.java:62)
at sun.reflect.DelegatingMethodAccessorImpl.invoke(DelegatingMethodAccessorImpl.java:43)
at java.lang.reflect.Method.invoke(Method.java:498)
at org.codehaus.groovy.reflection.CachedMethod.invoke(CachedMethod.java:107)
at groovy.lang.MetaMethod.doMethodInvoke(MetaMethod.java:323)
at groovy.lang.MetaClassImpl.invokeMethod(MetaClassImpl.java:1268)
at org.codehaus.groovy.runtime.ScriptBytecodeAdapter.invokeMethodOnSuperN(ScriptBytecodeAdapter.java:144)
at io.restassured.internal.ValidatableResponseImpl.body(ValidatableResponseImpl.groovy:298)
at io.restassured.internal.ValidatableResponseImpl.body(ValidatableResponseImpl.groovy)
at com.ashoka.TestApis.Login.userLogin(Login.java:29)
at sun.reflect.NativeMethodAccessorImpl.invoke0(Native Method)
at sun.reflect.NativeMethodAccessorImpl.invoke(NativeMethodAccessorImpl.java:62)
at sun.reflect.DelegatingMethodAccessorImpl.invoke(DelegatingMethodAccessorImpl.java:43)
at java.lang.reflect.Method.invoke(Method.java:498)
at org.testng.internal.MethodInvocationHelper.invokeMethod(MethodInvocationHelper.java:132)
at org.testng.internal.MethodInvocationHelper.invokeMethodConsideringTimeout(MethodInvocationHelper.java:61)
at org.testng.internal.ConfigInvoker.invokeConfigurationMethod(ConfigInvoker.java:366)
at org.testng.internal.ConfigInvoker.invokeConfigurations(ConfigInvoker.java:320)
at org.testng.TestRunner.invokeTestConfigurations(TestRunner.java:617)
at org.testng.TestRunner.beforeRun(TestRunner.java:607)
at org.testng.TestRunner.run(TestRunner.java:578)
at org.testng.SuiteRunner.runTest(SuiteRunner.java:384)
at org.testng.SuiteRunner.runSequentially(SuiteRunner.java:378)
at org.testng.SuiteRunner.privateRun(SuiteRunner.java:337)
at org.testng.SuiteRunner.run(SuiteRunner.java:286)
at org.testng.SuiteRunnerWorker.runSuite(SuiteRunnerWorker.java:53)
at org.testng.SuiteRunnerWorker.run(SuiteRunnerWorker.java:96)
at org.testng.TestNG.runSuitesSequentially(TestNG.java:1218)
at org.testng.TestNG.runSuitesLocally(TestNG.java:1140)
at org.testng.TestNG.runSuites(TestNG.java:1069)
at org.testng.TestNG.run(TestNG.java:1037)
at org.testng.remote.AbstractRemoteTestNG.run(AbstractRemoteTestNG.java:115)
at org.testng.remote.RemoteTestNG.initAndRun(RemoteTestNG.java:251)
at org.testng.remote.RemoteTestNG.main(RemoteTestNG.java:77)
]]>
    </failure>
  </testcase> <!-- userLogin -->
  <system-out/>
</testsuite> <!-- com.ashoka.TestApis.Login -->
